{"/Users/20015051/Documents/cours/courses-qa-and-tests/src/infrastructure/db.js": {"path":"/Users/20015051/Documents/cours/courses-qa-and-tests/src/infrastructure/db.js","all":false,"statementMap":{"0":{"start":{"line":1,"column":0},"end":{"line":1,"column":37}},"2":{"start":{"line":3,"column":0},"end":{"line":3,"column":80}}},"s":{"0":1,"2":1},"branchMap":{},"b":{},"fnMap":{},"f":{}}
,"/Users/20015051/Documents/cours/courses-qa-and-tests/src/modules/authentication/user/user.repository.js": {"path":"/Users/20015051/Documents/cours/courses-qa-and-tests/src/modules/authentication/user/user.repository.js","all":false,"statementMap":{"0":{"start":{"line":1,"column":0},"end":{"line":1,"column":49}},"2":{"start":{"line":3,"column":0},"end":{"line":3,"column":66}},"3":{"start":{"line":4,"column":0},"end":{"line":4,"column":26}},"4":{"start":{"line":5,"column":0},"end":{"line":5,"column":38}},"5":{"start":{"line":6,"column":0},"end":{"line":6,"column":33}},"6":{"start":{"line":7,"column":0},"end":{"line":7,"column":15}},"7":{"start":{"line":8,"column":0},"end":{"line":8,"column":6}},"9":{"start":{"line":10,"column":0},"end":{"line":10,"column":18}},"10":{"start":{"line":11,"column":0},"end":{"line":11,"column":1}}},"s":{"0":1,"2":1,"3":0,"4":0,"5":0,"6":0,"7":0,"9":0,"10":0},"branchMap":{},"b":{},"fnMap":{"0":{"name":"createUserInRepository","decl":{"start":{"line":3,"column":7},"end":{"line":11,"column":1}},"loc":{"start":{"line":3,"column":7},"end":{"line":11,"column":1}},"line":3}},"f":{"0":0}}
,"/Users/20015051/Documents/cours/courses-qa-and-tests/src/modules/authentication/user/user.service.js": {"path":"/Users/20015051/Documents/cours/courses-qa-and-tests/src/modules/authentication/user/user.service.js","all":false,"statementMap":{"0":{"start":{"line":1,"column":0},"end":{"line":1,"column":65}},"5":{"start":{"line":6,"column":0},"end":{"line":6,"column":31}},"7":{"start":{"line":8,"column":0},"end":{"line":8,"column":29}},"8":{"start":{"line":9,"column":0},"end":{"line":9,"column":26}},"9":{"start":{"line":10,"column":0},"end":{"line":10,"column":21}},"10":{"start":{"line":11,"column":0},"end":{"line":11,"column":3}},"12":{"start":{"line":13,"column":0},"end":{"line":13,"column":40}},"13":{"start":{"line":14,"column":0},"end":{"line":14,"column":44}},"15":{"start":{"line":16,"column":0},"end":{"line":16,"column":23}},"16":{"start":{"line":17,"column":0},"end":{"line":17,"column":51}},"18":{"start":{"line":19,"column":0},"end":{"line":19,"column":29}},"19":{"start":{"line":20,"column":0},"end":{"line":20,"column":52}},"20":{"start":{"line":21,"column":0},"end":{"line":21,"column":5}},"21":{"start":{"line":22,"column":0},"end":{"line":22,"column":47}},"22":{"start":{"line":23,"column":0},"end":{"line":23,"column":10}},"23":{"start":{"line":24,"column":0},"end":{"line":24,"column":43}},"24":{"start":{"line":25,"column":0},"end":{"line":25,"column":3}},"25":{"start":{"line":26,"column":0},"end":{"line":26,"column":1}}},"s":{"0":1,"5":1,"7":1,"8":1,"9":1,"10":1,"12":1,"13":4,"15":4,"16":2,"18":2,"19":1,"20":1,"21":1,"22":2,"23":2,"24":2,"25":4},"branchMap":{"0":{"type":"branch","line":13,"loc":{"start":{"line":13,"column":7},"end":{"line":26,"column":1}},"locations":[{"start":{"line":13,"column":7},"end":{"line":26,"column":1}}]},"1":{"type":"branch","line":16,"loc":{"start":{"line":16,"column":22},"end":{"line":25,"column":3}},"locations":[{"start":{"line":16,"column":22},"end":{"line":25,"column":3}}]},"2":{"type":"branch","line":19,"loc":{"start":{"line":19,"column":28},"end":{"line":23,"column":3}},"locations":[{"start":{"line":19,"column":28},"end":{"line":23,"column":3}}]}},"b":{"0":[4],"1":[2],"2":[1]},"fnMap":{"0":{"name":"createUser","decl":{"start":{"line":13,"column":7},"end":{"line":26,"column":1}},"loc":{"start":{"line":13,"column":7},"end":{"line":26,"column":1}},"line":13}},"f":{"0":4}}
,"/Users/20015051/Documents/cours/courses-qa-and-tests/src/modules/banking/account/account.repository.js": {"path":"/Users/20015051/Documents/cours/courses-qa-and-tests/src/modules/banking/account/account.repository.js","all":false,"statementMap":{"0":{"start":{"line":1,"column":0},"end":{"line":1,"column":49}},"2":{"start":{"line":3,"column":0},"end":{"line":3,"column":69}},"3":{"start":{"line":4,"column":0},"end":{"line":4,"column":29}},"4":{"start":{"line":5,"column":0},"end":{"line":5,"column":41}},"5":{"start":{"line":6,"column":0},"end":{"line":6,"column":33}},"6":{"start":{"line":7,"column":0},"end":{"line":7,"column":15}},"7":{"start":{"line":8,"column":0},"end":{"line":8,"column":6}},"9":{"start":{"line":10,"column":0},"end":{"line":10,"column":21}},"10":{"start":{"line":11,"column":0},"end":{"line":11,"column":1}},"12":{"start":{"line":13,"column":0},"end":{"line":13,"column":57}},"13":{"start":{"line":14,"column":0},"end":{"line":14,"column":29}},"14":{"start":{"line":15,"column":0},"end":{"line":15,"column":51}},"15":{"start":{"line":16,"column":0},"end":{"line":16,"column":6}},"17":{"start":{"line":18,"column":0},"end":{"line":18,"column":18}},"18":{"start":{"line":19,"column":0},"end":{"line":19,"column":1}},"20":{"start":{"line":21,"column":0},"end":{"line":21,"column":70}},"21":{"start":{"line":22,"column":0},"end":{"line":22,"column":27}},"22":{"start":{"line":23,"column":0},"end":{"line":23,"column":71}},"23":{"start":{"line":24,"column":0},"end":{"line":24,"column":15}},"24":{"start":{"line":25,"column":0},"end":{"line":25,"column":6}},"26":{"start":{"line":27,"column":0},"end":{"line":27,"column":28}},"27":{"start":{"line":28,"column":0},"end":{"line":28,"column":72}},"28":{"start":{"line":29,"column":0},"end":{"line":29,"column":3}},"30":{"start":{"line":31,"column":0},"end":{"line":31,"column":19}},"31":{"start":{"line":32,"column":0},"end":{"line":32,"column":1}},"33":{"start":{"line":34,"column":0},"end":{"line":34,"column":73}},"35":{"start":{"line":36,"column":0},"end":{"line":36,"column":29}},"36":{"start":{"line":37,"column":0},"end":{"line":37,"column":19}},"37":{"start":{"line":38,"column":0},"end":{"line":38,"column":40}},"38":{"start":{"line":39,"column":0},"end":{"line":39,"column":27}},"39":{"start":{"line":40,"column":0},"end":{"line":40,"column":15}},"40":{"start":{"line":41,"column":0},"end":{"line":41,"column":6}},"41":{"start":{"line":42,"column":0},"end":{"line":42,"column":30}},"42":{"start":{"line":43,"column":0},"end":{"line":43,"column":45}},"43":{"start":{"line":44,"column":0},"end":{"line":44,"column":5}},"44":{"start":{"line":45,"column":0},"end":{"line":45,"column":21}},"45":{"start":{"line":46,"column":0},"end":{"line":46,"column":1}}},"s":{"0":1,"2":1,"3":0,"4":0,"5":0,"6":0,"7":0,"9":0,"10":0,"12":1,"13":0,"14":0,"15":0,"17":0,"18":0,"20":1,"21":0,"22":0,"23":0,"24":0,"26":0,"27":0,"28":0,"30":0,"31":0,"33":1,"35":0,"36":0,"37":0,"38":0,"39":0,"40":0,"41":0,"42":0,"43":0,"44":0,"45":0},"branchMap":{},"b":{},"fnMap":{"0":{"name":"createAccountInRepository","decl":{"start":{"line":3,"column":7},"end":{"line":11,"column":1}},"loc":{"start":{"line":3,"column":7},"end":{"line":11,"column":1}},"line":3},"1":{"name":"getAccountsFromRepository","decl":{"start":{"line":13,"column":7},"end":{"line":19,"column":1}},"loc":{"start":{"line":13,"column":7},"end":{"line":19,"column":1}},"line":13},"2":{"name":"deleteAccountFromRepository","decl":{"start":{"line":21,"column":7},"end":{"line":32,"column":1}},"loc":{"start":{"line":21,"column":7},"end":{"line":32,"column":1}},"line":21},"3":{"name":"updateAccountInRepository","decl":{"start":{"line":34,"column":7},"end":{"line":46,"column":1}},"loc":{"start":{"line":34,"column":7},"end":{"line":46,"column":1}},"line":34}},"f":{"0":0,"1":0,"2":0,"3":0}}
,"/Users/20015051/Documents/cours/courses-qa-and-tests/src/modules/banking/account/account.service.js": {"path":"/Users/20015051/Documents/cours/courses-qa-and-tests/src/modules/banking/account/account.service.js","all":false,"statementMap":{"0":{"start":{"line":1,"column":0},"end":{"line":1,"column":50}},"4":{"start":{"line":5,"column":0},"end":{"line":5,"column":32}},"5":{"start":{"line":6,"column":0},"end":{"line":6,"column":38}},"6":{"start":{"line":7,"column":0},"end":{"line":7,"column":21}},"7":{"start":{"line":8,"column":0},"end":{"line":8,"column":3}},"9":{"start":{"line":10,"column":0},"end":{"line":10,"column":43}},"10":{"start":{"line":11,"column":0},"end":{"line":11,"column":47}},"11":{"start":{"line":12,"column":0},"end":{"line":12,"column":26}},"12":{"start":{"line":13,"column":0},"end":{"line":13,"column":57}},"13":{"start":{"line":14,"column":0},"end":{"line":14,"column":5}},"15":{"start":{"line":16,"column":0},"end":{"line":16,"column":50}},"16":{"start":{"line":17,"column":0},"end":{"line":17,"column":1}},"18":{"start":{"line":19,"column":0},"end":{"line":19,"column":43}},"19":{"start":{"line":20,"column":0},"end":{"line":20,"column":46}},"20":{"start":{"line":21,"column":0},"end":{"line":21,"column":48}},"21":{"start":{"line":22,"column":0},"end":{"line":22,"column":3}},"22":{"start":{"line":23,"column":0},"end":{"line":23,"column":2}},"23":{"start":{"line":24,"column":0},"end":{"line":24,"column":43}},"24":{"start":{"line":25,"column":0},"end":{"line":25,"column":1}},"26":{"start":{"line":27,"column":0},"end":{"line":27,"column":56}},"27":{"start":{"line":28,"column":0},"end":{"line":28,"column":52}},"28":{"start":{"line":29,"column":0},"end":{"line":29,"column":51}},"29":{"start":{"line":30,"column":0},"end":{"line":30,"column":3}},"30":{"start":{"line":31,"column":0},"end":{"line":31,"column":2}},"31":{"start":{"line":32,"column":0},"end":{"line":32,"column":46}},"32":{"start":{"line":33,"column":0},"end":{"line":33,"column":48}},"33":{"start":{"line":34,"column":0},"end":{"line":34,"column":3}},"35":{"start":{"line":36,"column":0},"end":{"line":36,"column":56}},"36":{"start":{"line":37,"column":0},"end":{"line":37,"column":1}},"38":{"start":{"line":39,"column":0},"end":{"line":39,"column":55}},"39":{"start":{"line":40,"column":0},"end":{"line":40,"column":52}},"40":{"start":{"line":41,"column":0},"end":{"line":41,"column":51}},"41":{"start":{"line":42,"column":0},"end":{"line":42,"column":3}},"42":{"start":{"line":43,"column":0},"end":{"line":43,"column":2}},"43":{"start":{"line":44,"column":0},"end":{"line":44,"column":35}},"44":{"start":{"line":45,"column":0},"end":{"line":45,"column":47}},"45":{"start":{"line":46,"column":0},"end":{"line":46,"column":3}},"47":{"start":{"line":48,"column":0},"end":{"line":48,"column":54}},"48":{"start":{"line":49,"column":0},"end":{"line":49,"column":1}}},"s":{"0":1,"4":1,"5":1,"6":1,"7":1,"9":1,"10":4,"11":4,"12":1,"13":1,"15":3,"16":3,"18":1,"19":3,"20":1,"21":1,"22":2,"23":2,"24":2,"26":1,"27":3,"28":1,"29":1,"30":2,"31":3,"32":1,"33":1,"35":1,"36":1,"38":1,"39":6,"40":1,"41":1,"42":5,"43":6,"44":1,"45":1,"47":4,"48":4},"branchMap":{"0":{"type":"branch","line":10,"loc":{"start":{"line":10,"column":7},"end":{"line":17,"column":1}},"locations":[{"start":{"line":10,"column":7},"end":{"line":17,"column":1}}]},"1":{"type":"branch","line":12,"loc":{"start":{"line":12,"column":25},"end":{"line":14,"column":5}},"locations":[{"start":{"line":12,"column":25},"end":{"line":14,"column":5}}]},"2":{"type":"branch","line":14,"loc":{"start":{"line":14,"column":4},"end":{"line":17,"column":1}},"locations":[{"start":{"line":14,"column":4},"end":{"line":17,"column":1}}]},"3":{"type":"branch","line":19,"loc":{"start":{"line":19,"column":7},"end":{"line":25,"column":1}},"locations":[{"start":{"line":19,"column":7},"end":{"line":25,"column":1}}]},"4":{"type":"branch","line":20,"loc":{"start":{"line":20,"column":14},"end":{"line":20,"column":43}},"locations":[{"start":{"line":20,"column":14},"end":{"line":20,"column":43}}]},"5":{"type":"branch","line":20,"loc":{"start":{"line":20,"column":45},"end":{"line":22,"column":3}},"locations":[{"start":{"line":20,"column":45},"end":{"line":22,"column":3}}]},"6":{"type":"branch","line":22,"loc":{"start":{"line":22,"column":2},"end":{"line":25,"column":1}},"locations":[{"start":{"line":22,"column":2},"end":{"line":25,"column":1}}]},"7":{"type":"branch","line":27,"loc":{"start":{"line":27,"column":7},"end":{"line":37,"column":1}},"locations":[{"start":{"line":27,"column":7},"end":{"line":37,"column":1}}]},"8":{"type":"branch","line":28,"loc":{"start":{"line":28,"column":17},"end":{"line":28,"column":49}},"locations":[{"start":{"line":28,"column":17},"end":{"line":28,"column":49}}]},"9":{"type":"branch","line":28,"loc":{"start":{"line":28,"column":51},"end":{"line":30,"column":3}},"locations":[{"start":{"line":28,"column":51},"end":{"line":30,"column":3}}]},"10":{"type":"branch","line":30,"loc":{"start":{"line":30,"column":2},"end":{"line":32,"column":14}},"locations":[{"start":{"line":30,"column":2},"end":{"line":32,"column":14}}]},"11":{"type":"branch","line":32,"loc":{"start":{"line":32,"column":14},"end":{"line":32,"column":43}},"locations":[{"start":{"line":32,"column":14},"end":{"line":32,"column":43}}]},"12":{"type":"branch","line":32,"loc":{"start":{"line":32,"column":45},"end":{"line":37,"column":1}},"locations":[{"start":{"line":32,"column":45},"end":{"line":37,"column":1}}]},"13":{"type":"branch","line":39,"loc":{"start":{"line":39,"column":7},"end":{"line":49,"column":1}},"locations":[{"start":{"line":39,"column":7},"end":{"line":49,"column":1}}]},"14":{"type":"branch","line":40,"loc":{"start":{"line":40,"column":17},"end":{"line":40,"column":49}},"locations":[{"start":{"line":40,"column":17},"end":{"line":40,"column":49}}]},"15":{"type":"branch","line":40,"loc":{"start":{"line":40,"column":51},"end":{"line":42,"column":3}},"locations":[{"start":{"line":40,"column":51},"end":{"line":42,"column":3}}]},"16":{"type":"branch","line":42,"loc":{"start":{"line":42,"column":2},"end":{"line":44,"column":34}},"locations":[{"start":{"line":42,"column":2},"end":{"line":44,"column":34}}]},"17":{"type":"branch","line":44,"loc":{"start":{"line":44,"column":34},"end":{"line":46,"column":3}},"locations":[{"start":{"line":44,"column":34},"end":{"line":46,"column":3}}]},"18":{"type":"branch","line":46,"loc":{"start":{"line":46,"column":2},"end":{"line":49,"column":1}},"locations":[{"start":{"line":46,"column":2},"end":{"line":49,"column":1}}]}},"b":{"0":[4],"1":[1],"2":[3],"3":[3],"4":[2],"5":[1],"6":[2],"7":[3],"8":[2],"9":[1],"10":[2],"11":[1],"12":[1],"13":[6],"14":[5],"15":[1],"16":[5],"17":[1],"18":[4]},"fnMap":{"0":{"name":"createAccount","decl":{"start":{"line":10,"column":7},"end":{"line":17,"column":1}},"loc":{"start":{"line":10,"column":7},"end":{"line":17,"column":1}},"line":10},"1":{"name":"getAccounts","decl":{"start":{"line":19,"column":7},"end":{"line":25,"column":1}},"loc":{"start":{"line":19,"column":7},"end":{"line":25,"column":1}},"line":19},"2":{"name":"deleteAccount","decl":{"start":{"line":27,"column":7},"end":{"line":37,"column":1}},"loc":{"start":{"line":27,"column":7},"end":{"line":37,"column":1}},"line":27},"3":{"name":"patchAccount","decl":{"start":{"line":39,"column":7},"end":{"line":49,"column":1}},"loc":{"start":{"line":39,"column":7},"end":{"line":49,"column":1}},"line":39}},"f":{"0":4,"1":3,"2":3,"3":6}}
,"/Users/20015051/Documents/cours/courses-qa-and-tests/src/modules/banking/transfer/transfer.repository.js": {"path":"/Users/20015051/Documents/cours/courses-qa-and-tests/src/modules/banking/transfer/transfer.repository.js","all":false,"statementMap":{"0":{"start":{"line":1,"column":0},"end":{"line":1,"column":49}},"2":{"start":{"line":3,"column":0},"end":{"line":3,"column":51}},"3":{"start":{"line":4,"column":0},"end":{"line":4,"column":18}},"4":{"start":{"line":5,"column":0},"end":{"line":5,"column":16}},"5":{"start":{"line":6,"column":0},"end":{"line":6,"column":9}},"6":{"start":{"line":7,"column":0},"end":{"line":7,"column":4}},"7":{"start":{"line":8,"column":0},"end":{"line":8,"column":30}},"8":{"start":{"line":9,"column":0},"end":{"line":9,"column":66}},"9":{"start":{"line":10,"column":0},"end":{"line":10,"column":60}},"10":{"start":{"line":11,"column":0},"end":{"line":11,"column":15}},"11":{"start":{"line":12,"column":0},"end":{"line":12,"column":6}},"13":{"start":{"line":14,"column":0},"end":{"line":14,"column":22}},"14":{"start":{"line":15,"column":0},"end":{"line":15,"column":1}},"16":{"start":{"line":17,"column":0},"end":{"line":17,"column":58}},"17":{"start":{"line":18,"column":0},"end":{"line":18,"column":30}},"18":{"start":{"line":19,"column":0},"end":{"line":19,"column":103}},"19":{"start":{"line":20,"column":0},"end":{"line":20,"column":74}},"20":{"start":{"line":21,"column":0},"end":{"line":21,"column":6}},"22":{"start":{"line":23,"column":0},"end":{"line":23,"column":19}},"23":{"start":{"line":24,"column":0},"end":{"line":24,"column":1}}},"s":{"0":1,"2":1,"3":0,"4":0,"5":0,"6":0,"7":0,"8":0,"9":0,"10":0,"11":0,"13":0,"14":0,"16":1,"17":0,"18":0,"19":0,"20":0,"22":0,"23":0},"branchMap":{},"b":{},"fnMap":{"0":{"name":"createTransfersInRepository","decl":{"start":{"line":3,"column":7},"end":{"line":15,"column":1}},"loc":{"start":{"line":3,"column":7},"end":{"line":15,"column":1}},"line":3},"1":{"name":"getTransfersFromRepository","decl":{"start":{"line":17,"column":7},"end":{"line":24,"column":1}},"loc":{"start":{"line":17,"column":7},"end":{"line":24,"column":1}},"line":17}},"f":{"0":0,"1":0}}
,"/Users/20015051/Documents/cours/courses-qa-and-tests/src/modules/banking/transfer/transfer.service.js": {"path":"/Users/20015051/Documents/cours/courses-qa-and-tests/src/modules/banking/transfer/transfer.service.js","all":false,"statementMap":{"0":{"start":{"line":1,"column":0},"end":{"line":1,"column":50}},"8":{"start":{"line":9,"column":0},"end":{"line":9,"column":33}},"9":{"start":{"line":10,"column":0},"end":{"line":10,"column":47}},"10":{"start":{"line":11,"column":0},"end":{"line":11,"column":45}},"11":{"start":{"line":12,"column":0},"end":{"line":12,"column":32}},"12":{"start":{"line":13,"column":0},"end":{"line":13,"column":3}},"14":{"start":{"line":15,"column":0},"end":{"line":15,"column":44}},"15":{"start":{"line":16,"column":0},"end":{"line":16,"column":48}},"16":{"start":{"line":17,"column":0},"end":{"line":17,"column":24}},"17":{"start":{"line":18,"column":0},"end":{"line":18,"column":54}},"18":{"start":{"line":19,"column":0},"end":{"line":19,"column":3}},"19":{"start":{"line":20,"column":0},"end":{"line":20,"column":65}},"20":{"start":{"line":21,"column":0},"end":{"line":21,"column":42}},"21":{"start":{"line":22,"column":0},"end":{"line":22,"column":29}},"22":{"start":{"line":23,"column":0},"end":{"line":23,"column":58}},"23":{"start":{"line":24,"column":0},"end":{"line":24,"column":6}},"24":{"start":{"line":25,"column":0},"end":{"line":25,"column":3}},"26":{"start":{"line":27,"column":0},"end":{"line":27,"column":7}},"27":{"start":{"line":28,"column":0},"end":{"line":28,"column":51}},"28":{"start":{"line":29,"column":0},"end":{"line":29,"column":49}},"29":{"start":{"line":30,"column":0},"end":{"line":30,"column":46}},"30":{"start":{"line":31,"column":0},"end":{"line":31,"column":19}},"31":{"start":{"line":32,"column":0},"end":{"line":32,"column":66}},"32":{"start":{"line":33,"column":0},"end":{"line":33,"column":3}},"33":{"start":{"line":34,"column":0},"end":{"line":34,"column":10}},"34":{"start":{"line":35,"column":0},"end":{"line":35,"column":20}},"35":{"start":{"line":36,"column":0},"end":{"line":36,"column":18}},"36":{"start":{"line":37,"column":0},"end":{"line":37,"column":11}},"37":{"start":{"line":38,"column":0},"end":{"line":38,"column":4}},"38":{"start":{"line":39,"column":0},"end":{"line":39,"column":1}},"40":{"start":{"line":41,"column":0},"end":{"line":41,"column":44}},"41":{"start":{"line":42,"column":0},"end":{"line":42,"column":46}},"42":{"start":{"line":43,"column":0},"end":{"line":43,"column":48}},"43":{"start":{"line":44,"column":0},"end":{"line":44,"column":3}},"44":{"start":{"line":45,"column":0},"end":{"line":45,"column":44}},"45":{"start":{"line":46,"column":0},"end":{"line":46,"column":1}}},"s":{"0":1,"8":1,"9":1,"10":1,"11":1,"12":1,"14":1,"15":3,"16":3,"17":1,"18":1,"19":2,"20":3,"21":1,"22":1,"23":1,"24":1,"26":1,"27":1,"28":1,"29":1,"30":3,"31":0,"32":0,"33":1,"34":1,"35":1,"36":1,"37":1,"38":1,"40":1,"41":3,"42":2,"43":2,"44":1,"45":1},"branchMap":{"0":{"type":"branch","line":15,"loc":{"start":{"line":15,"column":7},"end":{"line":39,"column":1}},"locations":[{"start":{"line":15,"column":7},"end":{"line":39,"column":1}}]},"1":{"type":"branch","line":17,"loc":{"start":{"line":17,"column":23},"end":{"line":19,"column":3}},"locations":[{"start":{"line":17,"column":23},"end":{"line":19,"column":3}}]},"2":{"type":"branch","line":19,"loc":{"start":{"line":19,"column":2},"end":{"line":21,"column":41}},"locations":[{"start":{"line":19,"column":2},"end":{"line":21,"column":41}}]},"3":{"type":"branch","line":21,"loc":{"start":{"line":21,"column":41},"end":{"line":31,"column":4}},"locations":[{"start":{"line":21,"column":41},"end":{"line":31,"column":4}}]},"4":{"type":"branch","line":31,"loc":{"start":{"line":31,"column":4},"end":{"line":33,"column":3}},"locations":[{"start":{"line":31,"column":4},"end":{"line":33,"column":3}}]},"5":{"type":"branch","line":33,"loc":{"start":{"line":33,"column":2},"end":{"line":39,"column":1}},"locations":[{"start":{"line":33,"column":2},"end":{"line":39,"column":1}}]},"6":{"type":"branch","line":41,"loc":{"start":{"line":41,"column":7},"end":{"line":46,"column":1}},"locations":[{"start":{"line":41,"column":7},"end":{"line":46,"column":1}}]},"7":{"type":"branch","line":42,"loc":{"start":{"line":42,"column":14},"end":{"line":42,"column":43}},"locations":[{"start":{"line":42,"column":14},"end":{"line":42,"column":43}}]},"8":{"type":"branch","line":42,"loc":{"start":{"line":42,"column":45},"end":{"line":44,"column":3}},"locations":[{"start":{"line":42,"column":45},"end":{"line":44,"column":3}}]},"9":{"type":"branch","line":44,"loc":{"start":{"line":44,"column":2},"end":{"line":46,"column":1}},"locations":[{"start":{"line":44,"column":2},"end":{"line":46,"column":1}}]}},"b":{"0":[3],"1":[1],"2":[2],"3":[1],"4":[0],"5":[1],"6":[3],"7":[2],"8":[2],"9":[1]},"fnMap":{"0":{"name":"createTransfer","decl":{"start":{"line":15,"column":7},"end":{"line":39,"column":1}},"loc":{"start":{"line":15,"column":7},"end":{"line":39,"column":1}},"line":15},"1":{"name":"getTransfers","decl":{"start":{"line":41,"column":7},"end":{"line":46,"column":1}},"loc":{"start":{"line":41,"column":7},"end":{"line":46,"column":1}},"line":41}},"f":{"0":3,"1":3}}
,"/Users/20015051/Documents/cours/courses-qa-and-tests/src/modules/interoperability/export/export.service.js": {"path":"/Users/20015051/Documents/cours/courses-qa-and-tests/src/modules/interoperability/export/export.service.js","all":false,"statementMap":{"0":{"start":{"line":1,"column":0},"end":{"line":1,"column":29}},"2":{"start":{"line":3,"column":0},"end":{"line":3,"column":30}},"5":{"start":{"line":6,"column":0},"end":{"line":6,"column":57}},"6":{"start":{"line":7,"column":0},"end":{"line":7,"column":40}},"7":{"start":{"line":8,"column":0},"end":{"line":8,"column":16}},"8":{"start":{"line":9,"column":0},"end":{"line":9,"column":5}},"9":{"start":{"line":10,"column":0},"end":{"line":10,"column":13}},"10":{"start":{"line":11,"column":0},"end":{"line":11,"column":16}},"11":{"start":{"line":12,"column":0},"end":{"line":12,"column":20}},"12":{"start":{"line":13,"column":0},"end":{"line":13,"column":22}},"13":{"start":{"line":14,"column":0},"end":{"line":14,"column":26}},"14":{"start":{"line":15,"column":0},"end":{"line":15,"column":6}},"15":{"start":{"line":16,"column":0},"end":{"line":16,"column":27}},"16":{"start":{"line":17,"column":0},"end":{"line":17,"column":13}},"17":{"start":{"line":18,"column":0},"end":{"line":18,"column":15}},"18":{"start":{"line":19,"column":0},"end":{"line":19,"column":20}},"19":{"start":{"line":20,"column":0},"end":{"line":20,"column":22}},"20":{"start":{"line":21,"column":0},"end":{"line":21,"column":26}},"21":{"start":{"line":22,"column":0},"end":{"line":22,"column":6}},"22":{"start":{"line":23,"column":0},"end":{"line":23,"column":4}},"24":{"start":{"line":25,"column":0},"end":{"line":25,"column":27}},"25":{"start":{"line":26,"column":0},"end":{"line":26,"column":60}},"27":{"start":{"line":28,"column":0},"end":{"line":28,"column":37}},"28":{"start":{"line":29,"column":0},"end":{"line":29,"column":48}},"30":{"start":{"line":31,"column":0},"end":{"line":31,"column":18}},"31":{"start":{"line":32,"column":0},"end":{"line":32,"column":1}}},"s":{"0":1,"2":1,"5":1,"6":2,"7":2,"8":2,"9":2,"10":2,"11":2,"12":2,"13":2,"14":2,"15":2,"16":2,"17":2,"18":2,"19":2,"20":2,"21":2,"22":2,"24":2,"25":2,"27":2,"28":2,"30":2,"31":2},"branchMap":{"0":{"type":"branch","line":6,"loc":{"start":{"line":6,"column":7},"end":{"line":32,"column":1}},"locations":[{"start":{"line":6,"column":7},"end":{"line":32,"column":1}}]},"1":{"type":"branch","line":16,"loc":{"start":{"line":16,"column":21},"end":{"line":22,"column":5}},"locations":[{"start":{"line":16,"column":21},"end":{"line":22,"column":5}}]}},"b":{"0":[2],"1":[2]},"fnMap":{"0":{"name":"createExport","decl":{"start":{"line":6,"column":7},"end":{"line":32,"column":1}},"loc":{"start":{"line":6,"column":7},"end":{"line":32,"column":1}},"line":6}},"f":{"0":2}}
,"/Users/20015051/Documents/cours/courses-qa-and-tests/src/shared/utils.js": {"path":"/Users/20015051/Documents/cours/courses-qa-and-tests/src/shared/utils.js","all":false,"statementMap":{"0":{"start":{"line":1,"column":0},"end":{"line":1,"column":40}},"1":{"start":{"line":2,"column":0},"end":{"line":2,"column":23}},"2":{"start":{"line":3,"column":0},"end":{"line":3,"column":39}},"3":{"start":{"line":4,"column":0},"end":{"line":4,"column":61}},"4":{"start":{"line":5,"column":0},"end":{"line":5,"column":51}},"5":{"start":{"line":6,"column":0},"end":{"line":6,"column":1}}},"s":{"0":1,"1":2,"2":2,"3":2,"4":2,"5":2},"branchMap":{"0":{"type":"branch","line":1,"loc":{"start":{"line":1,"column":7},"end":{"line":6,"column":1}},"locations":[{"start":{"line":1,"column":7},"end":{"line":6,"column":1}}]}},"b":{"0":[2]},"fnMap":{"0":{"name":"calculateAge","decl":{"start":{"line":1,"column":7},"end":{"line":6,"column":1}},"loc":{"start":{"line":1,"column":7},"end":{"line":6,"column":1}},"line":1}},"f":{"0":2}}
}
